2023-04-02 21:20:17.033704 - Initialized conversion of CBT071
2023-04-02 21:20:17.788991 - Received CBT.V504.FILE071.PDS from FILE071.XMI 
2023-04-02 21:20:17.791745 - Found $$$#DATE.txt (text/plain) in CBT.V504.FILE071.PDS, moved to PDS/$$$#DATE
2023-04-02 21:20:17.792863 - Found $$$ADDRS.txt (text/plain) in CBT.V504.FILE071.PDS, moved to PDS/$$$ADDRS
2023-04-02 21:20:17.794090 - Found $$$NASPA.txt (text/plain) in CBT.V504.FILE071.PDS, moved to PDS/$$$NASPA
2023-04-02 21:20:17.795345 - Found @FILE071.txt (text/plain) in CBT.V504.FILE071.PDS, moved to PDS/@FILE071
2023-04-02 21:20:17.799043 - Found CBTOVRFL.jcl (text/plain) in CBT.V504.FILE071.PDS, moved to PDS/CBTOVRFL
2023-04-02 21:20:17.803342 - Found CBTV249.jcl (text/plain) in CBT.V504.FILE071.PDS, moved to PDS/CBTV249
2023-04-02 21:20:17.804563 - Found CICSSHR.txt (text/plain) in CBT.V504.FILE071.PDS, moved to PDS/CICSSHR
2023-04-02 21:20:17.806901 - Found JES2.txt (text/plain) in CBT.V504.FILE071.PDS, moved to PDS/JES2
2023-04-02 21:20:17.808263 - Found JES2NNSP.txt (text/plain) in CBT.V504.FILE071.PDS, moved to PDS/JES2NNSP
2023-04-02 21:20:17.809630 - Found JES3.txt (text/plain) in CBT.V504.FILE071.PDS, moved to PDS/JES3
2023-04-02 21:20:17.810823 - Found LAUSERG.txt (text/plain) in CBT.V504.FILE071.PDS, moved to PDS/LAUSERG
2023-04-02 21:20:17.812427 - Found NASPBEEM.txt (text/plain) in CBT.V504.FILE071.PDS, moved to PDS/NASPBEEM
2023-04-02 21:20:17.813700 - Found PLISHARE.txt (text/plain) in CBT.V504.FILE071.PDS, moved to PDS/PLISHARE
2023-04-02 21:20:17.814961 - Found SHRDSKET.txt (text/plain) in CBT.V504.FILE071.PDS, moved to PDS/SHRDSKET
2023-04-02 21:20:17.816042 - Found SPLAMVS.txt (text/plain) in CBT.V504.FILE071.PDS, moved to PDS/SPLAMVS
2023-04-02 21:20:17.817674 - Found VIPMVS.txt (text/plain) in CBT.V504.FILE071.PDS, moved to PDS/VIPMVS
2023-04-02 21:20:17.818940 - Found VIPVMVSE.txt (text/plain) in CBT.V504.FILE071.PDS, moved to PDS/VIPVMVSE
2023-04-02 21:20:17.820250 - Found XEPHON.txt (text/plain) in CBT.V504.FILE071.PDS, moved to PDS/XEPHON
